2020-12-25 02:16:08,204 [MainThread] [INFO] Config loaded succesfully.
2020-12-25 02:16:08,204 [MainThread] [INFO] Temp directory (./tmp) found.
2020-12-25 02:16:08,205 [MainThread] [INFO] Directory (./tmp/images) found.
2020-12-25 02:16:08,206 [MainThread] [INFO] Directory (./tmp/images/all) found.
2020-12-25 02:16:08,208 [MainThread] [INFO] File (./tmp/images/all\201763.0_500353.0_600.gdal.jpeg) Removed.
2020-12-25 02:16:08,210 [MainThread] [INFO] File (./tmp/images/all\201763.0_500953.0_600.gdal.jpeg) Removed.
2020-12-25 02:16:08,211 [MainThread] [INFO] File (./tmp/images/all\201763.0_501553.0_600.gdal.jpeg) Removed.
2020-12-25 02:16:08,212 [MainThread] [INFO] File (./tmp/images/all\201763.0_502153.0_600.gdal.jpeg) Removed.
2020-12-25 02:16:08,213 [MainThread] [INFO] File (./tmp/images/all\201763.0_502753.0_600.gdal.jpeg) Removed.
2020-12-25 02:16:08,214 [MainThread] [INFO] File (./tmp/images/all\201763.0_503353.0_600.gdal.jpeg) Removed.
2020-12-25 02:16:08,215 [MainThread] [INFO] File (./tmp/images/all\201763.0_503953.0_600.gdal.jpeg) Removed.
2020-12-25 02:16:08,216 [MainThread] [INFO] File (./tmp/images/all\201763.0_504553.0_600.gdal.jpeg) Removed.
2020-12-25 02:16:08,217 [MainThread] [INFO] File (./tmp/images/all\202363.0_500353.0_600.gdal.jpeg) Removed.
2020-12-25 02:16:08,220 [MainThread] [INFO] File (./tmp/images/all\202363.0_500953.0_600.gdal.jpeg) Removed.
2020-12-25 02:16:08,220 [MainThread] [INFO] File (./tmp/images/all\202363.0_501553.0_600.gdal.jpeg) Removed.
2020-12-25 02:16:08,221 [MainThread] [INFO] File (./tmp/images/all\202363.0_502153.0_600.gdal.jpeg) Removed.
2020-12-25 02:16:08,222 [MainThread] [INFO] File (./tmp/images/all\202363.0_502753.0_600.gdal.jpeg) Removed.
2020-12-25 02:16:08,224 [MainThread] [INFO] File (./tmp/images/all\202363.0_503353.0_600.gdal.jpeg) Removed.
2020-12-25 02:16:08,225 [MainThread] [INFO] File (./tmp/images/all\202363.0_503953.0_600.gdal.jpeg) Removed.
2020-12-25 02:16:08,226 [MainThread] [INFO] File (./tmp/images/all\202363.0_504553.0_600.gdal.jpeg) Removed.
2020-12-25 02:16:08,227 [MainThread] [INFO] Directory (./tmp/images/analyzed/set1) found.
2020-12-25 02:16:08,228 [MainThread] [INFO] Directory (./tmp/images/analyzed/set2) found.
2020-12-25 02:16:08,229 [MainThread] [INFO] Directory (./tmp/index) found.
2020-12-25 02:16:08,229 [MainThread] [INFO] Directory (./tmp/xml) found.
2020-12-25 02:16:08,230 [MainThread] [INFO] Image directory (C:\Users\luukw\Desktop\nederland_500) found.
2020-12-25 02:16:08,230 [MainThread] [INFO] All directories created/emptied succesfully.
2020-12-25 02:16:08,231 [MainThread] [INFO] 12/16 threads allocated.
2020-12-25 02:16:08,293 [Thread-0] [INFO] Starting download Thread-0
2020-12-25 02:16:08,294 [Thread-1] [INFO] Starting download Thread-1
2020-12-25 02:16:08,294 [Thread-2] [INFO] Starting download Thread-2
2020-12-25 02:16:08,295 [Thread-0] [INFO] Created file: ./tmp/xml/201763.0-500353.0.xml succesfully.
2020-12-25 02:16:08,295 [Thread-3] [INFO] Starting download Thread-3
2020-12-25 02:16:08,295 [Thread-1] [INFO] Created file: ./tmp/xml/201763.0-500953.0.xml succesfully.
2020-12-25 02:16:08,296 [Thread-0] [INFO] Starting to download image: ./tmp/images/all/201763.0_500353.0_600.gdal.jpeg
2020-12-25 02:16:08,296 [Thread-4] [INFO] Starting download Thread-4
2020-12-25 02:16:08,296 [Thread-1] [INFO] Starting to download image: ./tmp/images/all/201763.0_500953.0_600.gdal.jpeg
2020-12-25 02:16:08,297 [Thread-2] [INFO] Created file: ./tmp/xml/201763.0-501553.0.xml succesfully.
2020-12-25 02:16:08,297 [Thread-3] [INFO] Created file: ./tmp/xml/201763.0-502153.0.xml succesfully.
2020-12-25 02:16:08,297 [Thread-2] [INFO] Starting to download image: ./tmp/images/all/201763.0_501553.0_600.gdal.jpeg
2020-12-25 02:16:08,298 [Thread-3] [INFO] Starting to download image: ./tmp/images/all/201763.0_502153.0_600.gdal.jpeg
2020-12-25 02:16:08,299 [Thread-5] [INFO] Starting download Thread-5
2020-12-25 02:16:08,299 [Thread-4] [INFO] Created file: ./tmp/xml/201763.0-502753.0.xml succesfully.
2020-12-25 02:16:08,299 [Thread-4] [INFO] Starting to download image: ./tmp/images/all/201763.0_502753.0_600.gdal.jpeg
2020-12-25 02:16:08,300 [Thread-6] [INFO] Starting download Thread-6
2020-12-25 02:16:08,302 [Thread-5] [INFO] Created file: ./tmp/xml/201763.0-503353.0.xml succesfully.
2020-12-25 02:16:08,302 [Thread-5] [INFO] Starting to download image: ./tmp/images/all/201763.0_503353.0_600.gdal.jpeg
2020-12-25 02:16:08,302 [Thread-6] [INFO] Created file: ./tmp/xml/201763.0-503953.0.xml succesfully.
2020-12-25 02:16:08,304 [Thread-6] [INFO] Starting to download image: ./tmp/images/all/201763.0_503953.0_600.gdal.jpeg
2020-12-25 02:16:08,304 [Thread-7] [INFO] Starting download Thread-7
2020-12-25 02:16:08,306 [Thread-7] [INFO] Created file: ./tmp/xml/201763.0-504553.0.xml succesfully.
2020-12-25 02:16:08,306 [Thread-7] [INFO] Starting to download image: ./tmp/images/all/201763.0_504553.0_600.gdal.jpeg
2020-12-25 02:16:08,307 [Thread-8] [INFO] Starting download Thread-8
2020-12-25 02:16:08,308 [Thread-9] [INFO] Starting download Thread-9
2020-12-25 02:16:08,359 [Thread-10] [INFO] Starting download Thread-10
2020-12-25 02:16:08,374 [Thread-11] [INFO] Starting download Thread-11
2020-12-25 02:16:08,374 [MainThread] [INFO] All threads started
2020-12-25 02:16:09,541 [Thread-3] [INFO] Downloaded image: ./tmp/images/all/201763.0_502153.0_600.gdal.jpeg succesfully.
2020-12-25 02:16:09,563 [Thread-3] [INFO] Removed file: ./tmp/xml/201763.0-502153.0.xml.
2020-12-25 02:16:09,586 [Thread-1] [INFO] Downloaded image: ./tmp/images/all/201763.0_500953.0_600.gdal.jpeg succesfully.
2020-12-25 02:16:09,591 [Thread-1] [INFO] Removed file: ./tmp/xml/201763.0-500953.0.xml.
2020-12-25 02:16:09,591 [Thread-3] [INFO] Created file: ./tmp/xml/202363.0-502153.0.xml succesfully.
2020-12-25 02:16:09,597 [Thread-3] [INFO] Starting to download image: ./tmp/images/all/202363.0_502153.0_600.gdal.jpeg
2020-12-25 02:16:09,597 [Thread-6] [INFO] Downloaded image: ./tmp/images/all/201763.0_503953.0_600.gdal.jpeg succesfully.
2020-12-25 02:16:09,603 [Thread-6] [INFO] Removed file: ./tmp/xml/201763.0-503953.0.xml.
2020-12-25 02:16:09,638 [Thread-1] [INFO] Created file: ./tmp/xml/202363.0-500953.0.xml succesfully.
2020-12-25 02:16:09,638 [Thread-1] [INFO] Starting to download image: ./tmp/images/all/202363.0_500953.0_600.gdal.jpeg
2020-12-25 02:16:09,638 [Thread-6] [INFO] Created file: ./tmp/xml/202363.0-503953.0.xml succesfully.
2020-12-25 02:16:09,661 [Thread-6] [INFO] Starting to download image: ./tmp/images/all/202363.0_503953.0_600.gdal.jpeg
2020-12-25 02:16:09,828 [Thread-2] [INFO] Downloaded image: ./tmp/images/all/201763.0_501553.0_600.gdal.jpeg succesfully.
2020-12-25 02:16:09,828 [Thread-7] [INFO] Downloaded image: ./tmp/images/all/201763.0_504553.0_600.gdal.jpeg succesfully.
2020-12-25 02:16:09,849 [Thread-2] [INFO] Removed file: ./tmp/xml/201763.0-501553.0.xml.
2020-12-25 02:16:09,878 [Thread-0] [INFO] Downloaded image: ./tmp/images/all/201763.0_500353.0_600.gdal.jpeg succesfully.
2020-12-25 02:16:09,888 [Thread-7] [INFO] Removed file: ./tmp/xml/201763.0-504553.0.xml.
2020-12-25 02:16:09,929 [Thread-4] [INFO] Downloaded image: ./tmp/images/all/201763.0_502753.0_600.gdal.jpeg succesfully.
2020-12-25 02:16:09,941 [Thread-0] [INFO] Removed file: ./tmp/xml/201763.0-500353.0.xml.
2020-12-25 02:16:09,952 [Thread-2] [INFO] Created file: ./tmp/xml/202363.0-501553.0.xml succesfully.
2020-12-25 02:16:09,958 [Thread-4] [INFO] Removed file: ./tmp/xml/201763.0-502753.0.xml.
2020-12-25 02:16:09,964 [Thread-2] [INFO] Starting to download image: ./tmp/images/all/202363.0_501553.0_600.gdal.jpeg
2020-12-25 02:16:09,964 [Thread-7] [INFO] Created file: ./tmp/xml/202363.0-504553.0.xml succesfully.
2020-12-25 02:16:09,981 [Thread-0] [INFO] Created file: ./tmp/xml/202363.0-500353.0.xml succesfully.
2020-12-25 02:16:10,015 [Thread-7] [INFO] Starting to download image: ./tmp/images/all/202363.0_504553.0_600.gdal.jpeg
2020-12-25 02:16:10,026 [Thread-0] [INFO] Starting to download image: ./tmp/images/all/202363.0_500353.0_600.gdal.jpeg
2020-12-25 02:16:10,043 [Thread-4] [INFO] Created file: ./tmp/xml/202363.0-502753.0.xml succesfully.
2020-12-25 02:16:10,063 [Thread-4] [INFO] Starting to download image: ./tmp/images/all/202363.0_502753.0_600.gdal.jpeg
2020-12-25 02:16:10,292 [Thread-5] [INFO] Downloaded image: ./tmp/images/all/201763.0_503353.0_600.gdal.jpeg succesfully.
2020-12-25 02:16:10,308 [Thread-5] [INFO] Removed file: ./tmp/xml/201763.0-503353.0.xml.
2020-12-25 02:16:10,335 [Thread-5] [INFO] Created file: ./tmp/xml/202363.0-503353.0.xml succesfully.
2020-12-25 02:16:10,341 [Thread-5] [INFO] Starting to download image: ./tmp/images/all/202363.0_503353.0_600.gdal.jpeg
2020-12-25 02:16:10,497 [MainThread] [ERROR] EXIT
2020-12-25 02:16:10,498 [MainThread] [INFO] Stopping...
2020-12-25 02:16:10,498 [MainThread] [INFO] Stopping...
2020-12-25 02:16:10,498 [MainThread] [INFO] Stopping...
2020-12-25 02:16:10,498 [MainThread] [INFO] Stopping...
2020-12-25 02:16:10,498 [MainThread] [INFO] Stopping...
2020-12-25 02:16:10,498 [MainThread] [INFO] Stopping...
2020-12-25 02:16:10,498 [MainThread] [INFO] Stopping...
2020-12-25 02:16:10,499 [MainThread] [INFO] Stopping...
2020-12-25 02:16:10,499 [MainThread] [INFO] Stopping...
2020-12-25 02:16:10,499 [MainThread] [INFO] Stopping...
2020-12-25 02:16:10,499 [MainThread] [INFO] Stopping...
2020-12-25 02:16:10,500 [MainThread] [INFO] Stopping...
2020-12-25 02:16:10,516 [Thread-6] [WARNING] Could not download image: ./tmp/images/all/202363.0_503953.0_600.gdal.jpeg. Retrying 9 more time(s).
2020-12-25 02:16:10,516 [Thread-0] [WARNING] Could not download image: ./tmp/images/all/202363.0_500353.0_600.gdal.jpeg. Retrying 9 more time(s).
2020-12-25 02:16:10,516 [Thread-5] [WARNING] Could not download image: ./tmp/images/all/202363.0_503353.0_600.gdal.jpeg. Retrying 9 more time(s).
2020-12-25 02:16:10,516 [Thread-7] [WARNING] Could not download image: ./tmp/images/all/202363.0_504553.0_600.gdal.jpeg. Retrying 9 more time(s).
2020-12-25 02:16:10,516 [Thread-2] [WARNING] Could not download image: ./tmp/images/all/202363.0_501553.0_600.gdal.jpeg. Retrying 9 more time(s).
2020-12-25 02:16:10,516 [Thread-3] [WARNING] Could not download image: ./tmp/images/all/202363.0_502153.0_600.gdal.jpeg. Retrying 9 more time(s).
2020-12-25 02:16:10,516 [Thread-4] [WARNING] Could not download image: ./tmp/images/all/202363.0_502753.0_600.gdal.jpeg. Retrying 9 more time(s).
2020-12-25 02:16:10,517 [Thread-1] [WARNING] Could not download image: ./tmp/images/all/202363.0_500953.0_600.gdal.jpeg. Retrying 9 more time(s).
2020-12-25 02:16:11,505 [Thread-1] [INFO] Downloaded image: ./tmp/images/all/202363.0_500953.0_600.gdal.jpeg succesfully.
2020-12-25 02:16:11,505 [Thread-1] [INFO] Removed file: ./tmp/xml/202363.0-500953.0.xml.
2020-12-25 02:16:11,768 [Thread-6] [INFO] Downloaded image: ./tmp/images/all/202363.0_503953.0_600.gdal.jpeg succesfully.
2020-12-25 02:16:11,768 [Thread-6] [INFO] Removed file: ./tmp/xml/202363.0-503953.0.xml.
2020-12-25 02:16:12,003 [Thread-0] [INFO] Downloaded image: ./tmp/images/all/202363.0_500353.0_600.gdal.jpeg succesfully.
2020-12-25 02:16:12,004 [Thread-0] [INFO] Removed file: ./tmp/xml/202363.0-500353.0.xml.
2020-12-25 02:16:12,032 [Thread-7] [INFO] Downloaded image: ./tmp/images/all/202363.0_504553.0_600.gdal.jpeg succesfully.
2020-12-25 02:16:12,033 [Thread-7] [INFO] Removed file: ./tmp/xml/202363.0-504553.0.xml.
2020-12-25 02:16:12,098 [Thread-2] [INFO] Downloaded image: ./tmp/images/all/202363.0_501553.0_600.gdal.jpeg succesfully.
2020-12-25 02:16:12,099 [Thread-5] [INFO] Downloaded image: ./tmp/images/all/202363.0_503353.0_600.gdal.jpeg succesfully.
2020-12-25 02:16:12,099 [Thread-2] [INFO] Removed file: ./tmp/xml/202363.0-501553.0.xml.
2020-12-25 02:16:12,099 [Thread-5] [INFO] Removed file: ./tmp/xml/202363.0-503353.0.xml.
2020-12-25 02:16:12,160 [Thread-4] [INFO] Downloaded image: ./tmp/images/all/202363.0_502753.0_600.gdal.jpeg succesfully.
2020-12-25 02:16:12,161 [Thread-4] [INFO] Removed file: ./tmp/xml/202363.0-502753.0.xml.
2020-12-25 02:16:12,248 [Thread-3] [INFO] Downloaded image: ./tmp/images/all/202363.0_502153.0_600.gdal.jpeg succesfully.
2020-12-25 02:16:12,249 [Thread-3] [INFO] Removed file: ./tmp/xml/202363.0-502153.0.xml.
2020-12-25 02:18:41,341 [MainThread] [INFO] Config loaded succesfully.
2020-12-25 02:18:41,342 [MainThread] [INFO] Temp directory (./tmp) found.
2020-12-25 02:18:41,343 [MainThread] [INFO] Directory (./tmp/images) found.
2020-12-25 02:18:41,344 [MainThread] [INFO] Directory (./tmp/images/all) found.
2020-12-25 02:18:41,346 [MainThread] [INFO] File (./tmp/images/all\201763.0_500353.0_600.gdal.jpeg) Removed.
2020-12-25 02:18:41,347 [MainThread] [INFO] File (./tmp/images/all\201763.0_500953.0_600.gdal.jpeg) Removed.
2020-12-25 02:18:41,348 [MainThread] [INFO] File (./tmp/images/all\201763.0_501553.0_600.gdal.jpeg) Removed.
2020-12-25 02:18:41,349 [MainThread] [INFO] File (./tmp/images/all\201763.0_502153.0_600.gdal.jpeg) Removed.
2020-12-25 02:18:41,350 [MainThread] [INFO] File (./tmp/images/all\201763.0_502753.0_600.gdal.jpeg) Removed.
2020-12-25 02:18:41,351 [MainThread] [INFO] File (./tmp/images/all\201763.0_503353.0_600.gdal.jpeg) Removed.
2020-12-25 02:18:41,353 [MainThread] [INFO] File (./tmp/images/all\201763.0_503953.0_600.gdal.jpeg) Removed.
2020-12-25 02:18:41,354 [MainThread] [INFO] File (./tmp/images/all\201763.0_504553.0_600.gdal.jpeg) Removed.
2020-12-25 02:18:41,355 [MainThread] [INFO] File (./tmp/images/all\202363.0_500353.0_600.gdal.jpeg) Removed.
2020-12-25 02:18:41,357 [MainThread] [INFO] File (./tmp/images/all\202363.0_500953.0_600.gdal.jpeg) Removed.
2020-12-25 02:18:41,358 [MainThread] [INFO] File (./tmp/images/all\202363.0_501553.0_600.gdal.jpeg) Removed.
2020-12-25 02:18:41,359 [MainThread] [INFO] File (./tmp/images/all\202363.0_502153.0_600.gdal.jpeg) Removed.
2020-12-25 02:18:41,360 [MainThread] [INFO] File (./tmp/images/all\202363.0_502753.0_600.gdal.jpeg) Removed.
2020-12-25 02:18:41,363 [MainThread] [INFO] File (./tmp/images/all\202363.0_503353.0_600.gdal.jpeg) Removed.
2020-12-25 02:18:41,364 [MainThread] [INFO] File (./tmp/images/all\202363.0_503953.0_600.gdal.jpeg) Removed.
2020-12-25 02:18:41,365 [MainThread] [INFO] File (./tmp/images/all\202363.0_504553.0_600.gdal.jpeg) Removed.
2020-12-25 02:18:41,366 [MainThread] [INFO] Directory (./tmp/images/analyzed/set1) found.
2020-12-25 02:18:41,367 [MainThread] [INFO] Directory (./tmp/images/analyzed/set2) found.
2020-12-25 02:18:41,367 [MainThread] [INFO] Directory (./tmp/index) found.
2020-12-25 02:18:41,368 [MainThread] [INFO] Directory (./tmp/xml) found.
2020-12-25 02:18:41,369 [MainThread] [INFO] Image directory (C:\Users\luukw\Desktop\nederland_500) found.
2020-12-25 02:18:41,369 [MainThread] [INFO] All directories created/emptied succesfully.
2020-12-25 02:18:41,370 [MainThread] [INFO] 12/16 threads allocated.
2020-12-25 02:18:41,372 [MainThread] [INFO] stated printQueueThread
2020-12-25 02:18:41,430 [Thread-0] [INFO] Starting download Thread-0
2020-12-25 02:18:41,431 [Thread-1] [INFO] Starting download Thread-1
2020-12-25 02:18:41,432 [Thread-2] [INFO] Starting download Thread-2
2020-12-25 02:18:41,432 [Thread-3] [INFO] Starting download Thread-3
2020-12-25 02:18:41,432 [Thread-0] [INFO] Created file: ./tmp/xml/201763.0-500353.0.xml succesfully.
2020-12-25 02:18:41,433 [Thread-4] [INFO] Starting download Thread-4
2020-12-25 02:18:41,434 [Thread-1] [INFO] Created file: ./tmp/xml/201763.0-500953.0.xml succesfully.
2020-12-25 02:18:41,434 [Thread-0] [INFO] Starting to download image: ./tmp/images/all/201763.0_500353.0_600.gdal.jpeg
2020-12-25 02:18:41,434 [Thread-2] [INFO] Created file: ./tmp/xml/201763.0-501553.0.xml succesfully.
2020-12-25 02:18:41,434 [Thread-3] [INFO] Created file: ./tmp/xml/201763.0-502153.0.xml succesfully.
2020-12-25 02:18:41,435 [Thread-1] [INFO] Starting to download image: ./tmp/images/all/201763.0_500953.0_600.gdal.jpeg
2020-12-25 02:18:41,435 [Thread-4] [INFO] Created file: ./tmp/xml/201763.0-502753.0.xml succesfully.
2020-12-25 02:18:41,435 [Thread-2] [INFO] Starting to download image: ./tmp/images/all/201763.0_501553.0_600.gdal.jpeg
2020-12-25 02:18:41,436 [Thread-5] [INFO] Starting download Thread-5
2020-12-25 02:18:41,436 [Thread-3] [INFO] Starting to download image: ./tmp/images/all/201763.0_502153.0_600.gdal.jpeg
2020-12-25 02:18:41,436 [Thread-6] [INFO] Starting download Thread-6
2020-12-25 02:18:41,437 [Thread-7] [INFO] Starting download Thread-7
2020-12-25 02:18:41,437 [Thread-4] [INFO] Starting to download image: ./tmp/images/all/201763.0_502753.0_600.gdal.jpeg
2020-12-25 02:18:41,438 [Thread-8] [INFO] Starting download Thread-8
2020-12-25 02:18:41,438 [Thread-9] [INFO] Starting download Thread-9
2020-12-25 02:18:41,439 [Thread-10] [INFO] Starting download Thread-10
2020-12-25 02:18:41,440 [Thread-11] [INFO] Starting download Thread-11
2020-12-25 02:18:41,441 [Thread-5] [INFO] Created file: ./tmp/xml/201763.0-503353.0.xml succesfully.
2020-12-25 02:18:41,441 [MainThread] [INFO] All threads started
2020-12-25 02:18:41,442 [Thread-7] [INFO] Created file: ./tmp/xml/201763.0-504553.0.xml succesfully.
2020-12-25 02:18:41,443 [Thread-6] [INFO] Created file: ./tmp/xml/201763.0-503953.0.xml succesfully.
2020-12-25 02:18:41,443 [Thread-5] [INFO] Starting to download image: ./tmp/images/all/201763.0_503353.0_600.gdal.jpeg
2020-12-25 02:18:41,456 [Thread-7] [INFO] Starting to download image: ./tmp/images/all/201763.0_504553.0_600.gdal.jpeg
2020-12-25 02:18:41,463 [Thread-6] [INFO] Starting to download image: ./tmp/images/all/201763.0_503953.0_600.gdal.jpeg
2020-12-25 02:18:42,332 [Thread-1] [INFO] Downloaded image: ./tmp/images/all/201763.0_500953.0_600.gdal.jpeg succesfully.
2020-12-25 02:18:42,360 [Thread-1] [INFO] Removed file: ./tmp/xml/201763.0-500953.0.xml.
2020-12-25 02:18:42,366 [Thread-2] [INFO] Downloaded image: ./tmp/images/all/201763.0_501553.0_600.gdal.jpeg succesfully.
2020-12-25 02:18:42,398 [Thread-2] [INFO] Removed file: ./tmp/xml/201763.0-501553.0.xml.
2020-12-25 02:18:42,404 [Thread-1] [INFO] Created file: ./tmp/xml/202363.0-500953.0.xml succesfully.
2020-12-25 02:18:42,416 [Thread-1] [INFO] Starting to download image: ./tmp/images/all/202363.0_500953.0_600.gdal.jpeg
2020-12-25 02:18:42,433 [Thread-2] [INFO] Created file: ./tmp/xml/202363.0-501553.0.xml succesfully.
2020-12-25 02:18:42,438 [Thread-2] [INFO] Starting to download image: ./tmp/images/all/202363.0_501553.0_600.gdal.jpeg
2020-12-25 02:18:42,517 [Thread-0] [INFO] Downloaded image: ./tmp/images/all/201763.0_500353.0_600.gdal.jpeg succesfully.
2020-12-25 02:18:42,526 [Thread-0] [INFO] Removed file: ./tmp/xml/201763.0-500353.0.xml.
2020-12-25 02:18:42,550 [Thread-0] [INFO] Created file: ./tmp/xml/202363.0-500353.0.xml succesfully.
2020-12-25 02:18:42,550 [Thread-0] [INFO] Starting to download image: ./tmp/images/all/202363.0_500353.0_600.gdal.jpeg
2020-12-25 02:18:42,731 [Thread-5] [INFO] Downloaded image: ./tmp/images/all/201763.0_503353.0_600.gdal.jpeg succesfully.
2020-12-25 02:18:42,747 [Thread-5] [INFO] Removed file: ./tmp/xml/201763.0-503353.0.xml.
2020-12-25 02:18:42,781 [Thread-5] [INFO] Created file: ./tmp/xml/202363.0-503353.0.xml succesfully.
2020-12-25 02:18:42,787 [Thread-5] [INFO] Starting to download image: ./tmp/images/all/202363.0_503353.0_600.gdal.jpeg
2020-12-25 02:18:42,868 [Thread-3] [INFO] Downloaded image: ./tmp/images/all/201763.0_502153.0_600.gdal.jpeg succesfully.
2020-12-25 02:18:42,884 [Thread-3] [INFO] Removed file: ./tmp/xml/201763.0-502153.0.xml.
2020-12-25 02:18:42,931 [Thread-3] [INFO] Created file: ./tmp/xml/202363.0-502153.0.xml succesfully.
2020-12-25 02:18:42,931 [Thread-3] [INFO] Starting to download image: ./tmp/images/all/202363.0_502153.0_600.gdal.jpeg
2020-12-25 02:18:42,953 [Thread-4] [INFO] Downloaded image: ./tmp/images/all/201763.0_502753.0_600.gdal.jpeg succesfully.
2020-12-25 02:18:42,953 [Thread-7] [INFO] Downloaded image: ./tmp/images/all/201763.0_504553.0_600.gdal.jpeg succesfully.
2020-12-25 02:18:42,972 [Thread-6] [INFO] Downloaded image: ./tmp/images/all/201763.0_503953.0_600.gdal.jpeg succesfully.
2020-12-25 02:18:42,980 [Thread-4] [INFO] Removed file: ./tmp/xml/201763.0-502753.0.xml.
2020-12-25 02:18:43,008 [Thread-7] [INFO] Removed file: ./tmp/xml/201763.0-504553.0.xml.
2020-12-25 02:18:43,031 [Thread-6] [INFO] Removed file: ./tmp/xml/201763.0-503953.0.xml.
2020-12-25 02:18:43,104 [Thread-6] [INFO] Created file: ./tmp/xml/202363.0-503953.0.xml succesfully.
2020-12-25 02:18:43,109 [Thread-6] [INFO] Starting to download image: ./tmp/images/all/202363.0_503953.0_600.gdal.jpeg
2020-12-25 02:18:43,131 [Thread-4] [INFO] Created file: ./tmp/xml/202363.0-502753.0.xml succesfully.
2020-12-25 02:18:43,131 [Thread-4] [INFO] Starting to download image: ./tmp/images/all/202363.0_502753.0_600.gdal.jpeg
2020-12-25 02:18:43,137 [Thread-7] [INFO] Created file: ./tmp/xml/202363.0-504553.0.xml succesfully.
2020-12-25 02:18:43,137 [Thread-7] [INFO] Starting to download image: ./tmp/images/all/202363.0_504553.0_600.gdal.jpeg
2020-12-25 02:18:43,493 [Thread-1] [INFO] Downloaded image: ./tmp/images/all/202363.0_500953.0_600.gdal.jpeg succesfully.
2020-12-25 02:18:43,538 [Thread-1] [INFO] Removed file: ./tmp/xml/202363.0-500953.0.xml.
2020-12-25 02:18:43,558 [Thread-1] [INFO] Created file: ./tmp/xml/202963.0-500953.0.xml succesfully.
2020-12-25 02:18:43,558 [Thread-1] [INFO] Starting to download image: ./tmp/images/all/202963.0_500953.0_600.gdal.jpeg
2020-12-25 02:18:43,570 [Thread-2] [INFO] Downloaded image: ./tmp/images/all/202363.0_501553.0_600.gdal.jpeg succesfully.
2020-12-25 02:18:43,588 [Thread-2] [INFO] Removed file: ./tmp/xml/202363.0-501553.0.xml.
2020-12-25 02:18:43,614 [Thread-2] [INFO] Created file: ./tmp/xml/202963.0-501553.0.xml succesfully.
2020-12-25 02:18:43,614 [Thread-2] [INFO] Starting to download image: ./tmp/images/all/202963.0_501553.0_600.gdal.jpeg
2020-12-25 02:18:43,637 [Thread-0] [INFO] Downloaded image: ./tmp/images/all/202363.0_500353.0_600.gdal.jpeg succesfully.
2020-12-25 02:18:43,642 [Thread-0] [INFO] Removed file: ./tmp/xml/202363.0-500353.0.xml.
2020-12-25 02:18:43,681 [Thread-0] [INFO] Created file: ./tmp/xml/202963.0-500353.0.xml succesfully.
2020-12-25 02:18:43,681 [Thread-0] [INFO] Starting to download image: ./tmp/images/all/202963.0_500353.0_600.gdal.jpeg
2020-12-25 02:18:43,777 [Thread-5] [INFO] Downloaded image: ./tmp/images/all/202363.0_503353.0_600.gdal.jpeg succesfully.
2020-12-25 02:18:43,795 [Thread-5] [INFO] Removed file: ./tmp/xml/202363.0-503353.0.xml.
2020-12-25 02:18:43,851 [Thread-5] [INFO] Created file: ./tmp/xml/202963.0-503353.0.xml succesfully.
2020-12-25 02:18:43,873 [Thread-5] [INFO] Starting to download image: ./tmp/images/all/202963.0_503353.0_600.gdal.jpeg
2020-12-25 02:18:44,087 [Thread-7] [INFO] Downloaded image: ./tmp/images/all/202363.0_504553.0_600.gdal.jpeg succesfully.
2020-12-25 02:18:44,113 [MainThread] [ERROR] EXIT
2020-12-25 02:18:44,118 [MainThread] [INFO] Thread-0 stopped.
2020-12-25 02:18:44,118 [Thread-7] [INFO] Removed file: ./tmp/xml/202363.0-504553.0.xml.
2020-12-25 02:18:44,126 [MainThread] [INFO] Thread-1 stopped.
2020-12-25 02:18:44,126 [Thread-4] [WARNING] Could not download image: ./tmp/images/all/202363.0_502753.0_600.gdal.jpeg. Retrying 9 more time(s).
2020-12-25 02:18:44,131 [Thread-5] [WARNING] Could not download image: ./tmp/images/all/202963.0_503353.0_600.gdal.jpeg. Retrying 9 more time(s).
2020-12-25 02:18:44,131 [Thread-0] [WARNING] Could not download image: ./tmp/images/all/202963.0_500353.0_600.gdal.jpeg. Retrying 9 more time(s).
2020-12-25 02:18:44,131 [Thread-6] [WARNING] Could not download image: ./tmp/images/all/202363.0_503953.0_600.gdal.jpeg. Retrying 9 more time(s).
2020-12-25 02:18:44,131 [Thread-2] [WARNING] Could not download image: ./tmp/images/all/202963.0_501553.0_600.gdal.jpeg. Retrying 9 more time(s).
2020-12-25 02:18:44,142 [Thread-3] [WARNING] Could not download image: ./tmp/images/all/202363.0_502153.0_600.gdal.jpeg. Retrying 9 more time(s).
2020-12-25 02:18:44,142 [Thread-1] [WARNING] Could not download image: ./tmp/images/all/202963.0_500953.0_600.gdal.jpeg. Retrying 9 more time(s).
2020-12-25 02:18:44,153 [MainThread] [INFO] Thread-2 stopped.
2020-12-25 02:18:44,154 [Thread-7] [INFO] Created file: ./tmp/xml/202963.0-504553.0.xml succesfully.
2020-12-25 02:18:44,177 [MainThread] [INFO] Thread-3 stopped.
2020-12-25 02:18:44,220 [MainThread] [INFO] Thread-4 stopped.
2020-12-25 02:18:44,221 [MainThread] [INFO] Thread-5 stopped.
2020-12-25 02:18:44,221 [MainThread] [INFO] Thread-6 stopped.
2020-12-25 02:18:44,221 [MainThread] [INFO] Thread-7 stopped.
2020-12-25 02:18:44,221 [MainThread] [INFO] Thread-8 stopped.
2020-12-25 02:18:44,221 [MainThread] [INFO] Thread-9 stopped.
2020-12-25 02:18:44,221 [MainThread] [INFO] Thread-10 stopped.
2020-12-25 02:18:44,221 [MainThread] [INFO] Thread-11 stopped.
2020-12-25 02:18:44,214 [Thread-7] [INFO] Starting to download image: ./tmp/images/all/202963.0_504553.0_600.gdal.jpeg
2020-12-25 02:18:44,233 [MainThread] [INFO] printQueueThread stopped.
2020-12-25 02:18:44,271 [PrintQueueThread] [INFO] printQueueThread stopped.
2020-12-25 02:18:45,452 [Thread-4] [INFO] Downloaded image: ./tmp/images/all/202363.0_502753.0_600.gdal.jpeg succesfully.
2020-12-25 02:18:45,453 [Thread-4] [INFO] Removed file: ./tmp/xml/202363.0-502753.0.xml.
2020-12-25 02:18:45,456 [Thread-7] [INFO] Downloaded image: ./tmp/images/all/202963.0_504553.0_600.gdal.jpeg succesfully.
2020-12-25 02:18:45,457 [Thread-7] [INFO] Removed file: ./tmp/xml/202963.0-504553.0.xml.
2020-12-25 02:18:45,465 [Thread-3] [INFO] Downloaded image: ./tmp/images/all/202363.0_502153.0_600.gdal.jpeg succesfully.
2020-12-25 02:18:45,465 [Thread-3] [INFO] Removed file: ./tmp/xml/202363.0-502153.0.xml.
2020-12-25 02:18:45,528 [Thread-1] [INFO] Downloaded image: ./tmp/images/all/202963.0_500953.0_600.gdal.jpeg succesfully.
2020-12-25 02:18:45,529 [Thread-1] [INFO] Removed file: ./tmp/xml/202963.0-500953.0.xml.
2020-12-25 02:18:45,700 [Thread-0] [INFO] Downloaded image: ./tmp/images/all/202963.0_500353.0_600.gdal.jpeg succesfully.
2020-12-25 02:18:45,700 [Thread-0] [INFO] Removed file: ./tmp/xml/202963.0-500353.0.xml.
2020-12-25 02:18:45,796 [Thread-5] [INFO] Downloaded image: ./tmp/images/all/202963.0_503353.0_600.gdal.jpeg succesfully.
2020-12-25 02:18:45,797 [Thread-5] [INFO] Removed file: ./tmp/xml/202963.0-503353.0.xml.
2020-12-25 02:18:45,825 [Thread-2] [INFO] Downloaded image: ./tmp/images/all/202963.0_501553.0_600.gdal.jpeg succesfully.
2020-12-25 02:18:45,826 [Thread-2] [INFO] Removed file: ./tmp/xml/202963.0-501553.0.xml.
2020-12-25 02:18:45,850 [Thread-6] [INFO] Downloaded image: ./tmp/images/all/202363.0_503953.0_600.gdal.jpeg succesfully.
2020-12-25 02:18:45,850 [Thread-6] [INFO] Removed file: ./tmp/xml/202363.0-503953.0.xml.
2020-12-25 02:19:42,918 [MainThread] [INFO] Config loaded succesfully.
2020-12-25 02:19:42,920 [MainThread] [INFO] Temp directory (./tmp) found.
2020-12-25 02:19:42,920 [MainThread] [INFO] Directory (./tmp/images) found.
2020-12-25 02:19:42,921 [MainThread] [INFO] Directory (./tmp/images/all) found.
2020-12-25 02:19:42,923 [MainThread] [INFO] File (./tmp/images/all\201763.0_500353.0_600.gdal.jpeg) Removed.
2020-12-25 02:19:42,924 [MainThread] [INFO] File (./tmp/images/all\201763.0_500953.0_600.gdal.jpeg) Removed.
2020-12-25 02:19:42,926 [MainThread] [INFO] File (./tmp/images/all\201763.0_501553.0_600.gdal.jpeg) Removed.
2020-12-25 02:19:42,927 [MainThread] [INFO] File (./tmp/images/all\201763.0_502153.0_600.gdal.jpeg) Removed.
2020-12-25 02:19:42,928 [MainThread] [INFO] File (./tmp/images/all\201763.0_502753.0_600.gdal.jpeg) Removed.
2020-12-25 02:19:42,929 [MainThread] [INFO] File (./tmp/images/all\201763.0_503353.0_600.gdal.jpeg) Removed.
2020-12-25 02:19:42,930 [MainThread] [INFO] File (./tmp/images/all\201763.0_503953.0_600.gdal.jpeg) Removed.
2020-12-25 02:19:42,932 [MainThread] [INFO] File (./tmp/images/all\201763.0_504553.0_600.gdal.jpeg) Removed.
2020-12-25 02:19:42,933 [MainThread] [INFO] File (./tmp/images/all\202363.0_500353.0_600.gdal.jpeg) Removed.
2020-12-25 02:19:42,934 [MainThread] [INFO] File (./tmp/images/all\202363.0_500953.0_600.gdal.jpeg) Removed.
2020-12-25 02:19:42,936 [MainThread] [INFO] File (./tmp/images/all\202363.0_501553.0_600.gdal.jpeg) Removed.
2020-12-25 02:19:42,937 [MainThread] [INFO] File (./tmp/images/all\202363.0_502153.0_600.gdal.jpeg) Removed.
2020-12-25 02:19:42,938 [MainThread] [INFO] File (./tmp/images/all\202363.0_502753.0_600.gdal.jpeg) Removed.
2020-12-25 02:19:42,939 [MainThread] [INFO] File (./tmp/images/all\202363.0_503353.0_600.gdal.jpeg) Removed.
2020-12-25 02:19:42,940 [MainThread] [INFO] File (./tmp/images/all\202363.0_503953.0_600.gdal.jpeg) Removed.
2020-12-25 02:19:42,942 [MainThread] [INFO] File (./tmp/images/all\202363.0_504553.0_600.gdal.jpeg) Removed.
2020-12-25 02:19:42,942 [MainThread] [INFO] File (./tmp/images/all\202963.0_500353.0_600.gdal.jpeg) Removed.
2020-12-25 02:19:42,944 [MainThread] [INFO] File (./tmp/images/all\202963.0_500953.0_600.gdal.jpeg) Removed.
2020-12-25 02:19:42,945 [MainThread] [INFO] File (./tmp/images/all\202963.0_501553.0_600.gdal.jpeg) Removed.
2020-12-25 02:19:42,946 [MainThread] [INFO] File (./tmp/images/all\202963.0_503353.0_600.gdal.jpeg) Removed.
2020-12-25 02:19:42,947 [MainThread] [INFO] File (./tmp/images/all\202963.0_504553.0_600.gdal.jpeg) Removed.
2020-12-25 02:19:42,947 [MainThread] [INFO] Directory (./tmp/images/analyzed/set1) found.
2020-12-25 02:19:42,948 [MainThread] [INFO] Directory (./tmp/images/analyzed/set2) found.
2020-12-25 02:19:42,949 [MainThread] [INFO] Directory (./tmp/index) found.
2020-12-25 02:19:42,950 [MainThread] [INFO] Directory (./tmp/xml) found.
2020-12-25 02:19:42,952 [MainThread] [INFO] Image directory (C:\Users\luukw\Desktop\nederland_500) found.
2020-12-25 02:19:42,952 [MainThread] [INFO] All directories created/emptied succesfully.
2020-12-25 02:19:42,953 [MainThread] [INFO] 12/16 threads allocated.
2020-12-25 02:19:42,955 [MainThread] [INFO] stated printQueueThread
2020-12-25 02:19:43,016 [Thread-0] [INFO] Starting download Thread-0
2020-12-25 02:19:43,016 [Thread-1] [INFO] Starting download Thread-1
2020-12-25 02:19:43,017 [Thread-2] [INFO] Starting download Thread-2
2020-12-25 02:19:43,018 [Thread-3] [INFO] Starting download Thread-3
2020-12-25 02:19:43,018 [Thread-0] [INFO] Created file: ./tmp/xml/201763.0-500353.0.xml succesfully.
2020-12-25 02:19:43,018 [Thread-0] [INFO] Starting to download image: ./tmp/images/all/201763.0_500353.0_600.gdal.jpeg
2020-12-25 02:19:43,019 [Thread-4] [INFO] Starting download Thread-4
2020-12-25 02:19:43,020 [Thread-2] [INFO] Created file: ./tmp/xml/201763.0-501553.0.xml succesfully.
2020-12-25 02:19:43,020 [Thread-3] [INFO] Created file: ./tmp/xml/201763.0-502153.0.xml succesfully.
2020-12-25 02:19:43,020 [Thread-1] [INFO] Created file: ./tmp/xml/201763.0-500953.0.xml succesfully.
2020-12-25 02:19:43,020 [Thread-2] [INFO] Starting to download image: ./tmp/images/all/201763.0_501553.0_600.gdal.jpeg
2020-12-25 02:19:43,021 [Thread-4] [INFO] Created file: ./tmp/xml/201763.0-502753.0.xml succesfully.
2020-12-25 02:19:43,021 [Thread-3] [INFO] Starting to download image: ./tmp/images/all/201763.0_502153.0_600.gdal.jpeg
2020-12-25 02:19:43,021 [Thread-1] [INFO] Starting to download image: ./tmp/images/all/201763.0_500953.0_600.gdal.jpeg
2020-12-25 02:19:43,021 [Thread-4] [INFO] Starting to download image: ./tmp/images/all/201763.0_502753.0_600.gdal.jpeg
2020-12-25 02:19:43,022 [Thread-5] [INFO] Starting download Thread-5
2020-12-25 02:19:43,022 [Thread-6] [INFO] Starting download Thread-6
2020-12-25 02:19:43,023 [Thread-7] [INFO] Starting download Thread-7
2020-12-25 02:19:43,025 [Thread-6] [INFO] Created file: ./tmp/xml/201763.0-503953.0.xml succesfully.
2020-12-25 02:19:43,025 [Thread-6] [INFO] Starting to download image: ./tmp/images/all/201763.0_503953.0_600.gdal.jpeg
2020-12-25 02:19:43,025 [Thread-7] [INFO] Created file: ./tmp/xml/201763.0-504553.0.xml succesfully.
2020-12-25 02:19:43,026 [Thread-7] [INFO] Starting to download image: ./tmp/images/all/201763.0_504553.0_600.gdal.jpeg
2020-12-25 02:19:43,027 [Thread-5] [INFO] Created file: ./tmp/xml/201763.0-503353.0.xml succesfully.
2020-12-25 02:19:43,027 [Thread-5] [INFO] Starting to download image: ./tmp/images/all/201763.0_503353.0_600.gdal.jpeg
2020-12-25 02:19:43,031 [Thread-8] [INFO] Starting download Thread-8
2020-12-25 02:19:43,038 [Thread-9] [INFO] Starting download Thread-9
2020-12-25 02:19:43,089 [Thread-10] [INFO] Starting download Thread-10
2020-12-25 02:19:43,122 [Thread-11] [INFO] Starting download Thread-11
2020-12-25 02:19:43,122 [MainThread] [INFO] All threads started
2020-12-25 02:19:44,164 [Thread-3] [INFO] Downloaded image: ./tmp/images/all/201763.0_502153.0_600.gdal.jpeg succesfully.
2020-12-25 02:19:44,180 [Thread-3] [INFO] Removed file: ./tmp/xml/201763.0-502153.0.xml.
2020-12-25 02:19:44,221 [Thread-3] [INFO] Created file: ./tmp/xml/202363.0-502153.0.xml succesfully.
2020-12-25 02:19:44,227 [Thread-3] [INFO] Starting to download image: ./tmp/images/all/202363.0_502153.0_600.gdal.jpeg
2020-12-25 02:19:44,243 [Thread-2] [INFO] Downloaded image: ./tmp/images/all/201763.0_501553.0_600.gdal.jpeg succesfully.
2020-12-25 02:19:44,265 [Thread-1] [INFO] Downloaded image: ./tmp/images/all/201763.0_500953.0_600.gdal.jpeg succesfully.
2020-12-25 02:19:44,288 [Thread-2] [INFO] Removed file: ./tmp/xml/201763.0-501553.0.xml.
2020-12-25 02:19:44,302 [Thread-1] [INFO] Removed file: ./tmp/xml/201763.0-500953.0.xml.
2020-12-25 02:19:44,319 [Thread-7] [INFO] Downloaded image: ./tmp/images/all/201763.0_504553.0_600.gdal.jpeg succesfully.
2020-12-25 02:19:44,348 [Thread-7] [INFO] Removed file: ./tmp/xml/201763.0-504553.0.xml.
2020-12-25 02:19:44,359 [Thread-2] [INFO] Created file: ./tmp/xml/202363.0-501553.0.xml succesfully.
2020-12-25 02:19:44,359 [Thread-2] [INFO] Starting to download image: ./tmp/images/all/202363.0_501553.0_600.gdal.jpeg
2020-12-25 02:19:44,371 [Thread-1] [INFO] Created file: ./tmp/xml/202363.0-500953.0.xml succesfully.
2020-12-25 02:19:44,371 [Thread-1] [INFO] Starting to download image: ./tmp/images/all/202363.0_500953.0_600.gdal.jpeg
2020-12-25 02:19:44,377 [Thread-7] [INFO] Created file: ./tmp/xml/202363.0-504553.0.xml succesfully.
2020-12-25 02:19:44,387 [Thread-7] [INFO] Starting to download image: ./tmp/images/all/202363.0_504553.0_600.gdal.jpeg
2020-12-25 02:19:44,425 [Thread-0] [INFO] Downloaded image: ./tmp/images/all/201763.0_500353.0_600.gdal.jpeg succesfully.
2020-12-25 02:19:44,441 [Thread-0] [INFO] Removed file: ./tmp/xml/201763.0-500353.0.xml.
2020-12-25 02:19:44,442 [Thread-0] [INFO] Created file: ./tmp/xml/202363.0-500353.0.xml succesfully.
2020-12-25 02:19:44,443 [Thread-0] [INFO] Starting to download image: ./tmp/images/all/202363.0_500353.0_600.gdal.jpeg
2020-12-25 02:19:44,443 [Thread-4] [INFO] Downloaded image: ./tmp/images/all/201763.0_502753.0_600.gdal.jpeg succesfully.
2020-12-25 02:19:44,444 [Thread-4] [INFO] Removed file: ./tmp/xml/201763.0-502753.0.xml.
2020-12-25 02:19:44,458 [Thread-4] [INFO] Created file: ./tmp/xml/202363.0-502753.0.xml succesfully.
2020-12-25 02:19:44,469 [Thread-4] [INFO] Starting to download image: ./tmp/images/all/202363.0_502753.0_600.gdal.jpeg
2020-12-25 02:19:44,551 [Thread-5] [INFO] Downloaded image: ./tmp/images/all/201763.0_503353.0_600.gdal.jpeg succesfully.
2020-12-25 02:19:44,563 [Thread-5] [INFO] Removed file: ./tmp/xml/201763.0-503353.0.xml.
2020-12-25 02:19:44,601 [Thread-5] [INFO] Created file: ./tmp/xml/202363.0-503353.0.xml succesfully.
2020-12-25 02:19:44,601 [Thread-5] [INFO] Starting to download image: ./tmp/images/all/202363.0_503353.0_600.gdal.jpeg
2020-12-25 02:19:44,738 [MainThread] [ERROR] EXIT
2020-12-25 02:19:44,738 [MainThread] [INFO] Stopping Thread-0.
2020-12-25 02:19:44,739 [MainThread] [INFO] Stopping Thread-1.
2020-12-25 02:19:44,745 [Thread-0] [WARNING] Could not download image: ./tmp/images/all/202363.0_500353.0_600.gdal.jpeg. Retrying 9 more time(s).
2020-12-25 02:19:44,745 [MainThread] [INFO] Stopping Thread-2.
2020-12-25 02:19:44,751 [Thread-1] [WARNING] Could not download image: ./tmp/images/all/202363.0_500953.0_600.gdal.jpeg. Retrying 9 more time(s).
2020-12-25 02:19:44,763 [Thread-7] [WARNING] Could not download image: ./tmp/images/all/202363.0_504553.0_600.gdal.jpeg. Retrying 9 more time(s).
2020-12-25 02:19:44,769 [Thread-6] [WARNING] Could not download image: ./tmp/images/all/201763.0_503953.0_600.gdal.jpeg. Retrying 9 more time(s).
2020-12-25 02:19:44,769 [Thread-3] [WARNING] Could not download image: ./tmp/images/all/202363.0_502153.0_600.gdal.jpeg. Retrying 9 more time(s).
2020-12-25 02:19:44,769 [Thread-4] [WARNING] Could not download image: ./tmp/images/all/202363.0_502753.0_600.gdal.jpeg. Retrying 9 more time(s).
2020-12-25 02:19:44,769 [Thread-2] [WARNING] Could not download image: ./tmp/images/all/202363.0_501553.0_600.gdal.jpeg. Retrying 9 more time(s).
2020-12-25 02:19:44,780 [MainThread] [INFO] Stopping Thread-3.
2020-12-25 02:19:44,829 [MainThread] [INFO] Stopping Thread-4.
2020-12-25 02:19:44,829 [MainThread] [INFO] Stopping Thread-5.
2020-12-25 02:19:44,830 [MainThread] [INFO] Stopping Thread-6.
2020-12-25 02:19:44,830 [MainThread] [INFO] Stopping Thread-7.
2020-12-25 02:19:44,841 [MainThread] [INFO] Stopping Thread-8.
2020-12-25 02:19:44,841 [MainThread] [INFO] Stopping Thread-9.
2020-12-25 02:19:44,841 [MainThread] [INFO] Stopping Thread-10.
2020-12-25 02:19:44,841 [MainThread] [INFO] Stopping Thread-11.
2020-12-25 02:19:44,873 [MainThread] [INFO] Stopping printQueueThread.
2020-12-25 02:19:44,873 [PrintQueueThread] [INFO] Stopping printQueueThread.
2020-12-25 02:19:45,530 [Thread-5] [INFO] Downloaded image: ./tmp/images/all/202363.0_503353.0_600.gdal.jpeg succesfully.
2020-12-25 02:19:45,531 [Thread-5] [INFO] Removed file: ./tmp/xml/202363.0-503353.0.xml.
2020-12-25 02:19:45,683 [Thread-0] [INFO] Downloaded image: ./tmp/images/all/202363.0_500353.0_600.gdal.jpeg succesfully.
2020-12-25 02:19:45,684 [Thread-0] [INFO] Removed file: ./tmp/xml/202363.0-500353.0.xml.
2020-12-25 02:19:46,116 [Thread-6] [INFO] Downloaded image: ./tmp/images/all/201763.0_503953.0_600.gdal.jpeg succesfully.
2020-12-25 02:19:46,117 [Thread-6] [INFO] Removed file: ./tmp/xml/201763.0-503953.0.xml.
2020-12-25 02:19:46,178 [Thread-3] [INFO] Downloaded image: ./tmp/images/all/202363.0_502153.0_600.gdal.jpeg succesfully.
2020-12-25 02:19:46,178 [Thread-3] [INFO] Removed file: ./tmp/xml/202363.0-502153.0.xml.
2020-12-25 02:19:46,225 [Thread-1] [INFO] Downloaded image: ./tmp/images/all/202363.0_500953.0_600.gdal.jpeg succesfully.
2020-12-25 02:19:46,226 [Thread-1] [INFO] Removed file: ./tmp/xml/202363.0-500953.0.xml.
2020-12-25 02:19:46,247 [Thread-2] [INFO] Downloaded image: ./tmp/images/all/202363.0_501553.0_600.gdal.jpeg succesfully.
2020-12-25 02:19:46,248 [Thread-2] [INFO] Removed file: ./tmp/xml/202363.0-501553.0.xml.
2020-12-25 02:19:46,288 [Thread-4] [INFO] Downloaded image: ./tmp/images/all/202363.0_502753.0_600.gdal.jpeg succesfully.
2020-12-25 02:19:46,288 [Thread-4] [INFO] Removed file: ./tmp/xml/202363.0-502753.0.xml.
2020-12-25 02:19:46,330 [Thread-7] [INFO] Downloaded image: ./tmp/images/all/202363.0_504553.0_600.gdal.jpeg succesfully.
2020-12-25 02:19:46,331 [Thread-7] [INFO] Removed file: ./tmp/xml/202363.0-504553.0.xml.
2020-12-25 02:21:58,113 [MainThread] [INFO] Config loaded succesfully.
2020-12-25 02:21:58,114 [MainThread] [INFO] Temp directory (./tmp) found.
2020-12-25 02:21:58,115 [MainThread] [INFO] Directory (./tmp/images) found.
2020-12-25 02:21:58,117 [MainThread] [INFO] Directory (./tmp/images/all) found.
2020-12-25 02:21:58,119 [MainThread] [INFO] File (./tmp/images/all\201763.0_500353.0_600.gdal.jpeg) Removed.
2020-12-25 02:21:58,120 [MainThread] [INFO] File (./tmp/images/all\201763.0_500953.0_600.gdal.jpeg) Removed.
2020-12-25 02:21:58,121 [MainThread] [INFO] File (./tmp/images/all\201763.0_501553.0_600.gdal.jpeg) Removed.
2020-12-25 02:21:58,123 [MainThread] [INFO] File (./tmp/images/all\201763.0_502153.0_600.gdal.jpeg) Removed.
2020-12-25 02:21:58,124 [MainThread] [INFO] File (./tmp/images/all\201763.0_502753.0_600.gdal.jpeg) Removed.
2020-12-25 02:21:58,125 [MainThread] [INFO] File (./tmp/images/all\201763.0_503353.0_600.gdal.jpeg) Removed.
2020-12-25 02:21:58,127 [MainThread] [INFO] File (./tmp/images/all\201763.0_503953.0_600.gdal.jpeg) Removed.
2020-12-25 02:21:58,128 [MainThread] [INFO] File (./tmp/images/all\201763.0_504553.0_600.gdal.jpeg) Removed.
2020-12-25 02:21:58,130 [MainThread] [INFO] File (./tmp/images/all\202363.0_500353.0_600.gdal.jpeg) Removed.
2020-12-25 02:21:58,130 [MainThread] [INFO] File (./tmp/images/all\202363.0_500953.0_600.gdal.jpeg) Removed.
2020-12-25 02:21:58,131 [MainThread] [INFO] File (./tmp/images/all\202363.0_501553.0_600.gdal.jpeg) Removed.
2020-12-25 02:21:58,132 [MainThread] [INFO] File (./tmp/images/all\202363.0_502153.0_600.gdal.jpeg) Removed.
2020-12-25 02:21:58,134 [MainThread] [INFO] File (./tmp/images/all\202363.0_502753.0_600.gdal.jpeg) Removed.
2020-12-25 02:21:58,135 [MainThread] [INFO] File (./tmp/images/all\202363.0_503353.0_600.gdal.jpeg) Removed.
2020-12-25 02:21:58,137 [MainThread] [INFO] File (./tmp/images/all\202363.0_504553.0_600.gdal.jpeg) Removed.
2020-12-25 02:21:58,137 [MainThread] [INFO] Directory (./tmp/images/analyzed/set1) found.
2020-12-25 02:21:58,138 [MainThread] [INFO] Directory (./tmp/images/analyzed/set2) found.
2020-12-25 02:21:58,139 [MainThread] [INFO] Directory (./tmp/index) found.
2020-12-25 02:21:58,139 [MainThread] [INFO] Directory (./tmp/xml) found.
2020-12-25 02:21:58,140 [MainThread] [INFO] Image directory (C:\Users\luukw\Desktop\nederland_500) found.
2020-12-25 02:21:58,140 [MainThread] [INFO] All directories created/emptied succesfully.
2020-12-25 02:21:58,141 [MainThread] [INFO] 12/16 threads allocated.
2020-12-25 02:21:58,143 [MainThread] [INFO] Stated printQueueThread
2020-12-25 02:21:58,205 [Thread-0] [INFO] Starting download Thread-0
2020-12-25 02:21:58,206 [Thread-1] [INFO] Starting download Thread-1
2020-12-25 02:21:58,207 [Thread-2] [INFO] Starting download Thread-2
2020-12-25 02:21:58,207 [Thread-3] [INFO] Starting download Thread-3
2020-12-25 02:21:58,208 [Thread-0] [INFO] Created file: ./tmp/xml/201763.0-500353.0.xml succesfully.
2020-12-25 02:21:58,208 [Thread-1] [INFO] Created file: ./tmp/xml/201763.0-500953.0.xml succesfully.
2020-12-25 02:21:58,208 [Thread-0] [INFO] Starting to download image: ./tmp/images/all/201763.0_500353.0_600.gdal.jpeg
2020-12-25 02:21:58,209 [Thread-1] [INFO] Starting to download image: ./tmp/images/all/201763.0_500953.0_600.gdal.jpeg
2020-12-25 02:21:58,209 [Thread-2] [INFO] Created file: ./tmp/xml/201763.0-501553.0.xml succesfully.
2020-12-25 02:21:58,209 [Thread-3] [INFO] Created file: ./tmp/xml/201763.0-502153.0.xml succesfully.
2020-12-25 02:21:58,209 [Thread-2] [INFO] Starting to download image: ./tmp/images/all/201763.0_501553.0_600.gdal.jpeg
2020-12-25 02:21:58,210 [Thread-3] [INFO] Starting to download image: ./tmp/images/all/201763.0_502153.0_600.gdal.jpeg
2020-12-25 02:21:58,211 [Thread-4] [INFO] Starting download Thread-4
2020-12-25 02:21:58,211 [Thread-5] [INFO] Starting download Thread-5
2020-12-25 02:21:58,212 [Thread-6] [INFO] Starting download Thread-6
2020-12-25 02:21:58,213 [Thread-7] [INFO] Starting download Thread-7
2020-12-25 02:21:58,214 [Thread-4] [INFO] Created file: ./tmp/xml/201763.0-502753.0.xml succesfully.
2020-12-25 02:21:58,214 [Thread-4] [INFO] Starting to download image: ./tmp/images/all/201763.0_502753.0_600.gdal.jpeg
2020-12-25 02:21:58,214 [Thread-6] [INFO] Created file: ./tmp/xml/201763.0-503953.0.xml succesfully.
2020-12-25 02:21:58,215 [Thread-6] [INFO] Starting to download image: ./tmp/images/all/201763.0_503953.0_600.gdal.jpeg
2020-12-25 02:21:58,215 [Thread-5] [INFO] Created file: ./tmp/xml/201763.0-503353.0.xml succesfully.
2020-12-25 02:21:58,216 [Thread-5] [INFO] Starting to download image: ./tmp/images/all/201763.0_503353.0_600.gdal.jpeg
2020-12-25 02:21:58,216 [Thread-8] [INFO] Starting download Thread-8
2020-12-25 02:21:58,216 [Thread-7] [INFO] Created file: ./tmp/xml/201763.0-504553.0.xml succesfully.
2020-12-25 02:21:58,217 [Thread-7] [INFO] Starting to download image: ./tmp/images/all/201763.0_504553.0_600.gdal.jpeg
2020-12-25 02:21:58,219 [Thread-9] [INFO] Starting download Thread-9
2020-12-25 02:21:58,264 [Thread-10] [INFO] Starting download Thread-10
2020-12-25 02:21:58,295 [Thread-11] [INFO] Starting download Thread-11
2020-12-25 02:21:58,295 [MainThread] [INFO] All threads started
2020-12-25 02:21:59,536 [Thread-4] [INFO] Downloaded image: ./tmp/images/all/201763.0_502753.0_600.gdal.jpeg succesfully.
2020-12-25 02:21:59,553 [Thread-4] [INFO] Removed file: ./tmp/xml/201763.0-502753.0.xml.
2020-12-25 02:21:59,581 [Thread-4] [INFO] Created file: ./tmp/xml/202363.0-502753.0.xml succesfully.
2020-12-25 02:21:59,581 [Thread-4] [INFO] Starting to download image: ./tmp/images/all/202363.0_502753.0_600.gdal.jpeg
2020-12-25 02:21:59,775 [Thread-0] [INFO] Downloaded image: ./tmp/images/all/201763.0_500353.0_600.gdal.jpeg succesfully.
2020-12-25 02:21:59,791 [Thread-0] [INFO] Removed file: ./tmp/xml/201763.0-500353.0.xml.
2020-12-25 02:21:59,829 [Thread-0] [INFO] Created file: ./tmp/xml/202363.0-500353.0.xml succesfully.
2020-12-25 02:21:59,835 [Thread-0] [INFO] Starting to download image: ./tmp/images/all/202363.0_500353.0_600.gdal.jpeg
2020-12-25 02:21:59,841 [Thread-2] [INFO] Downloaded image: ./tmp/images/all/201763.0_501553.0_600.gdal.jpeg succesfully.
2020-12-25 02:21:59,870 [Thread-2] [INFO] Removed file: ./tmp/xml/201763.0-501553.0.xml.
2020-12-25 02:21:59,907 [Thread-7] [INFO] Downloaded image: ./tmp/images/all/201763.0_504553.0_600.gdal.jpeg succesfully.
2020-12-25 02:21:59,924 [Thread-2] [INFO] Created file: ./tmp/xml/202363.0-501553.0.xml succesfully.
2020-12-25 02:21:59,930 [Thread-7] [INFO] Removed file: ./tmp/xml/201763.0-504553.0.xml.
2020-12-25 02:21:59,947 [Thread-2] [INFO] Starting to download image: ./tmp/images/all/202363.0_501553.0_600.gdal.jpeg
2020-12-25 02:21:59,975 [Thread-6] [INFO] Downloaded image: ./tmp/images/all/201763.0_503953.0_600.gdal.jpeg succesfully.
2020-12-25 02:21:59,980 [Thread-7] [INFO] Created file: ./tmp/xml/202363.0-504553.0.xml succesfully.
2020-12-25 02:22:00,009 [Thread-7] [INFO] Starting to download image: ./tmp/images/all/202363.0_504553.0_600.gdal.jpeg
2020-12-25 02:22:00,009 [Thread-6] [INFO] Removed file: ./tmp/xml/201763.0-503953.0.xml.
2020-12-25 02:22:00,010 [Thread-6] [INFO] Created file: ./tmp/xml/202363.0-503953.0.xml succesfully.
2020-12-25 02:22:00,011 [Thread-6] [INFO] Starting to download image: ./tmp/images/all/202363.0_503953.0_600.gdal.jpeg
2020-12-25 02:22:00,079 [Thread-1] [INFO] Downloaded image: ./tmp/images/all/201763.0_500953.0_600.gdal.jpeg succesfully.
2020-12-25 02:22:00,096 [Thread-3] [INFO] Downloaded image: ./tmp/images/all/201763.0_502153.0_600.gdal.jpeg succesfully.
2020-12-25 02:22:00,123 [Thread-1] [INFO] Removed file: ./tmp/xml/201763.0-500953.0.xml.
2020-12-25 02:22:00,146 [Thread-3] [INFO] Removed file: ./tmp/xml/201763.0-502153.0.xml.
2020-12-25 02:22:00,179 [Thread-1] [INFO] Created file: ./tmp/xml/202363.0-500953.0.xml succesfully.
2020-12-25 02:22:00,179 [Thread-5] [INFO] Downloaded image: ./tmp/images/all/201763.0_503353.0_600.gdal.jpeg succesfully.
2020-12-25 02:22:00,179 [Thread-1] [INFO] Starting to download image: ./tmp/images/all/202363.0_500953.0_600.gdal.jpeg
2020-12-25 02:22:00,196 [Thread-3] [INFO] Created file: ./tmp/xml/202363.0-502153.0.xml succesfully.
2020-12-25 02:22:00,207 [Thread-5] [INFO] Removed file: ./tmp/xml/201763.0-503353.0.xml.
2020-12-25 02:22:00,229 [Thread-3] [INFO] Starting to download image: ./tmp/images/all/202363.0_502153.0_600.gdal.jpeg
2020-12-25 02:22:00,262 [Thread-5] [INFO] Created file: ./tmp/xml/202363.0-503353.0.xml succesfully.
2020-12-25 02:22:00,273 [Thread-5] [INFO] Starting to download image: ./tmp/images/all/202363.0_503353.0_600.gdal.jpeg
2020-12-25 02:22:00,305 [MainThread] [ERROR] EXIT
2020-12-25 02:22:00,305 [MainThread] [INFO] Stopping Thread-0.
2020-12-25 02:22:00,305 [MainThread] [INFO] Stopping Thread-1.
2020-12-25 02:22:00,316 [Thread-6] [WARNING] Could not download image: ./tmp/images/all/202363.0_503953.0_600.gdal.jpeg. Retrying 9 more time(s).
2020-12-25 02:22:00,316 [Thread-7] [WARNING] Could not download image: ./tmp/images/all/202363.0_504553.0_600.gdal.jpeg. Retrying 9 more time(s).
2020-12-25 02:22:00,316 [MainThread] [INFO] Stopping Thread-2.
2020-12-25 02:22:00,334 [Thread-2] [WARNING] Could not download image: ./tmp/images/all/202363.0_501553.0_600.gdal.jpeg. Retrying 9 more time(s).
2020-12-25 02:22:00,334 [Thread-0] [WARNING] Could not download image: ./tmp/images/all/202363.0_500353.0_600.gdal.jpeg. Retrying 9 more time(s).
2020-12-25 02:22:00,334 [Thread-1] [WARNING] Could not download image: ./tmp/images/all/202363.0_500953.0_600.gdal.jpeg. Retrying 9 more time(s).
2020-12-25 02:22:00,340 [Thread-4] [WARNING] Could not download image: ./tmp/images/all/202363.0_502753.0_600.gdal.jpeg. Retrying 9 more time(s).
2020-12-25 02:22:00,346 [MainThread] [INFO] Stopping Thread-3.
2020-12-25 02:22:00,393 [MainThread] [INFO] Stopping Thread-4.
2020-12-25 02:22:00,381 [Thread-1] [INFO] Removed file: ./tmp/xml/202363.0-500953.0.xml.
2020-12-25 02:22:00,381 [Thread-0] [INFO] Removed file: ./tmp/xml/202363.0-500353.0.xml.
2020-12-25 02:22:00,370 [Thread-2] [INFO] Removed file: ./tmp/xml/202363.0-501553.0.xml.
2020-12-25 02:22:00,398 [MainThread] [INFO] Stopping Thread-5.
2020-12-25 02:22:00,399 [MainThread] [INFO] Stopping Thread-6.
2020-12-25 02:22:00,400 [MainThread] [INFO] Stopping Thread-7.
2020-12-25 02:22:00,400 [MainThread] [INFO] Stopping Thread-8.
2020-12-25 02:22:00,400 [MainThread] [INFO] Stopping Thread-9.
2020-12-25 02:22:00,400 [MainThread] [INFO] Stopping Thread-10.
2020-12-25 02:22:00,400 [MainThread] [INFO] Stopping Thread-11.
2020-12-25 02:22:00,401 [MainThread] [INFO] Stopping printQueueThread.
2020-12-25 02:22:00,407 [PrintQueueThread] [INFO] Stopping printQueueThread.
2020-12-25 02:22:01,357 [Thread-5] [INFO] Downloaded image: ./tmp/images/all/202363.0_503353.0_600.gdal.jpeg succesfully.
2020-12-25 02:22:01,358 [Thread-5] [INFO] Removed file: ./tmp/xml/202363.0-503353.0.xml.
2020-12-25 02:22:01,470 [Thread-3] [INFO] Downloaded image: ./tmp/images/all/202363.0_502153.0_600.gdal.jpeg succesfully.
2020-12-25 02:22:01,471 [Thread-3] [INFO] Removed file: ./tmp/xml/202363.0-502153.0.xml.
2020-12-25 02:22:01,546 [Thread-6] [INFO] Downloaded image: ./tmp/images/all/202363.0_503953.0_600.gdal.jpeg succesfully.
2020-12-25 02:22:01,546 [Thread-6] [INFO] Removed file: ./tmp/xml/202363.0-503953.0.xml.
2020-12-25 02:22:01,549 [Thread-7] [INFO] Downloaded image: ./tmp/images/all/202363.0_504553.0_600.gdal.jpeg succesfully.
2020-12-25 02:22:01,550 [Thread-7] [INFO] Removed file: ./tmp/xml/202363.0-504553.0.xml.
2020-12-25 02:22:01,572 [Thread-4] [INFO] Downloaded image: ./tmp/images/all/202363.0_502753.0_600.gdal.jpeg succesfully.
2020-12-25 02:22:01,573 [Thread-4] [INFO] Removed file: ./tmp/xml/202363.0-502753.0.xml.
